<?xml version="1.0" encoding="UTF-8"?>
<!-- Generated by org.testng.reporters.JUnitXMLReporter -->
<testsuite ignored="0" hostname="LAPTOP-VH0FVHVH" failures="0" tests="3" name="Test_Facebook" time="0.057" errors="0" timestamp="2023-02-11T19:19:50 IST">
  <testcase classname="DataProvider.Demo3" name="Registration" time="0.01"/>
  <testcase classname="DataProvider.Demo2" name="Registration" time="0.001"/>
  <testcase classname="DataProvider.Demo1" name="Registration" time="0.003"/>
</testsuite> <!-- Test_Facebook -->
