<?xml version="1.0" encoding="UTF-8"?>
<testng-results ignored="0" total="4" passed="4" failed="0" skipped="0">
  <reporter-output>
  </reporter-output>
  <suite started-at="2023-02-20T22:04:40 IST" name="Suite" finished-at="2023-02-20T22:05:13 IST" duration-ms="32998">
    <groups>
    </groups>
    <test started-at="2023-02-20T22:04:40 IST" name="FB_URL_1" finished-at="2023-02-20T22:05:03 IST" duration-ms="22997">
      <class name="DataProvider.FaceBookLaunching">
        <test-method signature="init(java.lang.String)[pri:0, instance:DataProvider.FaceBookLaunching@4efc180e]" started-at="2023-02-20T22:04:40 IST" name="init" finished-at="2023-02-20T22:04:47 IST" duration-ms="6708" status="PASS">
          <params>
            <param index="0">
              <value>
                <![CDATA[chrome]]>
              </value>
            </param>
          </params>
          <reporter-output>
          </reporter-output>
        </test-method> <!-- init -->
        <test-method signature="teardown()[pri:0, instance:DataProvider.FaceBookLaunching@4efc180e]" started-at="2023-02-20T22:04:47 IST" name="teardown" finished-at="2023-02-20T22:05:03 IST" duration-ms="16253" status="PASS">
          <reporter-output>
          </reporter-output>
        </test-method> <!-- teardown -->
      </class> <!-- DataProvider.FaceBookLaunching -->
    </test> <!-- FB_URL_1 -->
    <test started-at="2023-02-20T22:05:03 IST" name="FB_URL_2" finished-at="2023-02-20T22:05:13 IST" duration-ms="9980">
      <class name="DataProvider.FaceBookLaunching">
        <test-method signature="init(java.lang.String)[pri:0, instance:DataProvider.FaceBookLaunching@54a7079e]" started-at="2023-02-20T22:05:03 IST" name="init" finished-at="2023-02-20T22:05:13 IST" duration-ms="9330" status="PASS">
          <params>
            <param index="0">
              <value>
                <![CDATA[firefox]]>
              </value>
            </param>
          </params>
          <reporter-output>
          </reporter-output>
        </test-method> <!-- init -->
        <test-method signature="teardown()[pri:0, instance:DataProvider.FaceBookLaunching@54a7079e]" started-at="2023-02-20T22:05:13 IST" name="teardown" finished-at="2023-02-20T22:05:13 IST" duration-ms="647" status="PASS">
          <reporter-output>
          </reporter-output>
        </test-method> <!-- teardown -->
      </class> <!-- DataProvider.FaceBookLaunching -->
    </test> <!-- FB_URL_2 -->
  </suite> <!-- Suite -->
</testng-results>
